[2025-10-10T16:10:57.150+0000] {manager.py:470} INFO - Processing files using up to 2 processes at a time 
[2025-10-10T16:10:57.153+0000] {manager.py:471} INFO - Process each file at most once every 30 seconds
[2025-10-10T16:10:57.155+0000] {manager.py:472} INFO - Checking for new files in /opt/airflow/dags every 300 seconds
[2025-10-10T16:10:57.158+0000] {manager.py:737} INFO - Searching for files in /opt/airflow/dags
[2025-10-10T16:10:57.202+0000] {manager.py:740} INFO - There are 1 files in /opt/airflow/dags
[2025-10-10T16:10:57.559+0000] {manager.py:878} INFO - 
================================================================================
DAG File Processing Stats

File Path                                          PID  Runtime      # DAGs    # Errors  Last Runtime    Last Run
-----------------------------------------------  -----  ---------  --------  ----------  --------------  ----------
/opt/airflow/dags/dag_ecargo_pod_xlsx_to_api.py     49  0.05s             0           0
================================================================================
[2025-10-10T16:11:12.444+0000] {manager.py:452} INFO - Exiting gracefully upon receiving signal 15
[2025-10-10T16:11:30.952+0000] {manager.py:470} INFO - Processing files using up to 2 processes at a time 
[2025-10-10T16:11:30.954+0000] {manager.py:471} INFO - Process each file at most once every 30 seconds
[2025-10-10T16:11:30.956+0000] {manager.py:472} INFO - Checking for new files in /opt/airflow/dags every 300 seconds
[2025-10-10T16:11:30.958+0000] {manager.py:737} INFO - Searching for files in /opt/airflow/dags
[2025-10-10T16:11:31.000+0000] {manager.py:740} INFO - There are 1 files in /opt/airflow/dags
[2025-10-10T16:11:31.247+0000] {manager.py:878} INFO - 
================================================================================
DAG File Processing Stats

File Path                                          PID  Runtime      # DAGs    # Errors  Last Runtime    Last Run
-----------------------------------------------  -----  ---------  --------  ----------  --------------  ----------
/opt/airflow/dags/dag_ecargo_pod_xlsx_to_api.py     49  0.05s             0           0
================================================================================
[2025-10-10T16:12:01.179+0000] {manager.py:878} INFO - 
================================================================================
DAG File Processing Stats

File Path                                        PID    Runtime      # DAGs    # Errors  Last Runtime    Last Run
-----------------------------------------------  -----  ---------  --------  ----------  --------------  -------------------
/opt/airflow/dags/dag_ecargo_pod_xlsx_to_api.py                           1           0  1.58s           2025-10-10T16:11:32
================================================================================
[2025-10-10T16:12:30.630+0000] {manager.py:878} INFO - 
================================================================================
DAG File Processing Stats

File Path                                        PID    Runtime      # DAGs    # Errors  Last Runtime    Last Run
-----------------------------------------------  -----  ---------  --------  ----------  --------------  -------------------
/opt/airflow/dags/dag_ecargo_pod_xlsx_to_api.py                           1           0  1.69s           2025-10-10T16:12:04
================================================================================
[2025-10-10T16:13:00.119+0000] {manager.py:878} INFO - 
================================================================================
DAG File Processing Stats

File Path                                        PID    Runtime      # DAGs    # Errors  Last Runtime    Last Run
-----------------------------------------------  -----  ---------  --------  ----------  --------------  -------------------
/opt/airflow/dags/dag_ecargo_pod_xlsx_to_api.py                           1           0  2.41s           2025-10-10T16:12:38
================================================================================
[2025-10-10T16:13:12.645+0000] {manager.py:452} INFO - Exiting gracefully upon receiving signal 15
[2025-10-10T16:14:31.561+0000] {manager.py:470} INFO - Processing files using up to 2 processes at a time 
[2025-10-10T16:14:31.564+0000] {manager.py:471} INFO - Process each file at most once every 30 seconds
[2025-10-10T16:14:31.566+0000] {manager.py:472} INFO - Checking for new files in /opt/airflow/dags every 300 seconds
[2025-10-10T16:14:31.568+0000] {manager.py:737} INFO - Searching for files in /opt/airflow/dags
[2025-10-10T16:14:31.614+0000] {manager.py:740} INFO - There are 1 files in /opt/airflow/dags
[2025-10-10T16:14:31.966+0000] {manager.py:878} INFO - 
================================================================================
DAG File Processing Stats

File Path                                          PID  Runtime      # DAGs    # Errors  Last Runtime    Last Run
-----------------------------------------------  -----  ---------  --------  ----------  --------------  ----------
/opt/airflow/dags/dag_ecargo_pod_xlsx_to_api.py     49  0.05s             0           0
================================================================================
[2025-10-10T16:15:01.247+0000] {manager.py:878} INFO - 
================================================================================
DAG File Processing Stats

File Path                                        PID    Runtime      # DAGs    # Errors  Last Runtime    Last Run
-----------------------------------------------  -----  ---------  --------  ----------  --------------  -------------------
/opt/airflow/dags/dag_ecargo_pod_xlsx_to_api.py                           1           0  4.01s           2025-10-10T16:14:35
================================================================================
[2025-10-10T16:15:30.720+0000] {manager.py:878} INFO - 
================================================================================
DAG File Processing Stats

File Path                                        PID    Runtime      # DAGs    # Errors  Last Runtime    Last Run
-----------------------------------------------  -----  ---------  --------  ----------  --------------  -------------------
/opt/airflow/dags/dag_ecargo_pod_xlsx_to_api.py                           1           0  1.19s           2025-10-10T16:15:07
================================================================================
[2025-10-10T16:15:59.742+0000] {manager.py:878} INFO - 
================================================================================
DAG File Processing Stats

File Path                                        PID    Runtime      # DAGs    # Errors  Last Runtime    Last Run
-----------------------------------------------  -----  ---------  --------  ----------  --------------  -------------------
/opt/airflow/dags/dag_ecargo_pod_xlsx_to_api.py                           1           0  1.25s           2025-10-10T16:15:45
================================================================================
[2025-10-10T16:16:28.883+0000] {manager.py:878} INFO - 
================================================================================
DAG File Processing Stats

File Path                                        PID    Runtime      # DAGs    # Errors  Last Runtime    Last Run
-----------------------------------------------  -----  ---------  --------  ----------  --------------  -------------------
/opt/airflow/dags/dag_ecargo_pod_xlsx_to_api.py                           1           0  1.74s           2025-10-10T16:16:17
================================================================================
[2025-10-10T16:16:58.696+0000] {manager.py:878} INFO - 
================================================================================
DAG File Processing Stats

File Path                                        PID    Runtime      # DAGs    # Errors  Last Runtime    Last Run
-----------------------------------------------  -----  ---------  --------  ----------  --------------  -------------------
/opt/airflow/dags/dag_ecargo_pod_xlsx_to_api.py                           1           0  1.45s           2025-10-10T16:16:49
================================================================================
[2025-10-10T16:17:28.045+0000] {manager.py:878} INFO - 
================================================================================
DAG File Processing Stats

File Path                                        PID    Runtime      # DAGs    # Errors  Last Runtime    Last Run
-----------------------------------------------  -----  ---------  --------  ----------  --------------  -------------------
/opt/airflow/dags/dag_ecargo_pod_xlsx_to_api.py                           1           0  1.22s           2025-10-10T16:17:21
================================================================================
[2025-10-10T16:17:33.468+0000] {manager.py:452} INFO - Exiting gracefully upon receiving signal 15
[2025-10-10T16:17:49.842+0000] {manager.py:470} INFO - Processing files using up to 2 processes at a time 
[2025-10-10T16:17:49.845+0000] {manager.py:471} INFO - Process each file at most once every 30 seconds
[2025-10-10T16:17:49.847+0000] {manager.py:472} INFO - Checking for new files in /opt/airflow/dags every 300 seconds
[2025-10-10T16:17:49.849+0000] {manager.py:737} INFO - Searching for files in /opt/airflow/dags
[2025-10-10T16:17:49.889+0000] {manager.py:740} INFO - There are 1 files in /opt/airflow/dags
[2025-10-10T16:17:50.108+0000] {manager.py:878} INFO - 
================================================================================
DAG File Processing Stats

File Path                                          PID  Runtime      # DAGs    # Errors  Last Runtime    Last Run
-----------------------------------------------  -----  ---------  --------  ----------  --------------  ----------
/opt/airflow/dags/dag_ecargo_pod_xlsx_to_api.py     49  0.05s             0           0
================================================================================
[2025-10-10T16:18:19.564+0000] {manager.py:878} INFO - 
================================================================================
DAG File Processing Stats

File Path                                        PID    Runtime      # DAGs    # Errors  Last Runtime    Last Run
-----------------------------------------------  -----  ---------  --------  ----------  --------------  -------------------
/opt/airflow/dags/dag_ecargo_pod_xlsx_to_api.py                           1           0  1.20s           2025-10-10T16:17:51
================================================================================
[2025-10-10T16:18:49.005+0000] {manager.py:878} INFO - 
================================================================================
DAG File Processing Stats

File Path                                        PID    Runtime      # DAGs    # Errors  Last Runtime    Last Run
-----------------------------------------------  -----  ---------  --------  ----------  --------------  -------------------
/opt/airflow/dags/dag_ecargo_pod_xlsx_to_api.py                           1           0  1.37s           2025-10-10T16:18:22
================================================================================
[2025-10-10T16:19:18.334+0000] {manager.py:878} INFO - 
================================================================================
DAG File Processing Stats

File Path                                        PID    Runtime      # DAGs    # Errors  Last Runtime    Last Run
-----------------------------------------------  -----  ---------  --------  ----------  --------------  -------------------
/opt/airflow/dags/dag_ecargo_pod_xlsx_to_api.py                           1           0  1.19s           2025-10-10T16:18:54
================================================================================
[2025-10-10T16:19:47.947+0000] {manager.py:878} INFO - 
================================================================================
DAG File Processing Stats

File Path                                        PID    Runtime      # DAGs    # Errors  Last Runtime    Last Run
-----------------------------------------------  -----  ---------  --------  ----------  --------------  -------------------
/opt/airflow/dags/dag_ecargo_pod_xlsx_to_api.py                           1           0  1.30s           2025-10-10T16:19:25
================================================================================
[2025-10-10T16:20:17.430+0000] {manager.py:878} INFO - 
================================================================================
DAG File Processing Stats

File Path                                        PID    Runtime      # DAGs    # Errors  Last Runtime    Last Run
-----------------------------------------------  -----  ---------  --------  ----------  --------------  -------------------
/opt/airflow/dags/dag_ecargo_pod_xlsx_to_api.py                           1           0  1.17s           2025-10-10T16:19:57
================================================================================
[2025-10-10T16:20:46.816+0000] {manager.py:878} INFO - 
================================================================================
DAG File Processing Stats

File Path                                        PID    Runtime      # DAGs    # Errors  Last Runtime    Last Run
-----------------------------------------------  -----  ---------  --------  ----------  --------------  -------------------
/opt/airflow/dags/dag_ecargo_pod_xlsx_to_api.py                           1           0  1.20s           2025-10-10T16:20:28
================================================================================
[2025-10-10T16:21:16.380+0000] {manager.py:878} INFO - 
================================================================================
DAG File Processing Stats

File Path                                        PID    Runtime      # DAGs    # Errors  Last Runtime    Last Run
-----------------------------------------------  -----  ---------  --------  ----------  --------------  -------------------
/opt/airflow/dags/dag_ecargo_pod_xlsx_to_api.py                           1           0  1.20s           2025-10-10T16:21:00
================================================================================
[2025-10-10T16:21:45.452+0000] {manager.py:878} INFO - 
================================================================================
DAG File Processing Stats

File Path                                        PID    Runtime      # DAGs    # Errors  Last Runtime    Last Run
-----------------------------------------------  -----  ---------  --------  ----------  --------------  -------------------
/opt/airflow/dags/dag_ecargo_pod_xlsx_to_api.py                           1           0  1.67s           2025-10-10T16:21:32
================================================================================
[2025-10-10T16:22:15.037+0000] {manager.py:878} INFO - 
================================================================================
DAG File Processing Stats

File Path                                        PID    Runtime      # DAGs    # Errors  Last Runtime    Last Run
-----------------------------------------------  -----  ---------  --------  ----------  --------------  -------------------
/opt/airflow/dags/dag_ecargo_pod_xlsx_to_api.py                           1           0  1.45s           2025-10-10T16:22:13
================================================================================
[2025-10-10T16:22:18.337+0000] {manager.py:452} INFO - Exiting gracefully upon receiving signal 15
[2025-10-10T16:22:34.954+0000] {manager.py:470} INFO - Processing files using up to 2 processes at a time 
[2025-10-10T16:22:34.957+0000] {manager.py:471} INFO - Process each file at most once every 30 seconds
[2025-10-10T16:22:34.961+0000] {manager.py:472} INFO - Checking for new files in /opt/airflow/dags every 300 seconds
[2025-10-10T16:22:34.963+0000] {manager.py:737} INFO - Searching for files in /opt/airflow/dags
[2025-10-10T16:22:35.021+0000] {manager.py:740} INFO - There are 1 files in /opt/airflow/dags
[2025-10-10T16:22:35.233+0000] {manager.py:878} INFO - 
================================================================================
DAG File Processing Stats

File Path                                          PID  Runtime      # DAGs    # Errors  Last Runtime    Last Run
-----------------------------------------------  -----  ---------  --------  ----------  --------------  ----------
/opt/airflow/dags/dag_ecargo_pod_xlsx_to_api.py     49  0.05s             0           0
================================================================================
[2025-10-10T16:23:04.552+0000] {manager.py:878} INFO - 
================================================================================
DAG File Processing Stats

File Path                                        PID    Runtime      # DAGs    # Errors  Last Runtime    Last Run
-----------------------------------------------  -----  ---------  --------  ----------  --------------  -------------------
/opt/airflow/dags/dag_ecargo_pod_xlsx_to_api.py                           1           0  1.11s           2025-10-10T16:22:36
================================================================================
[2025-10-10T16:23:34.104+0000] {manager.py:878} INFO - 
================================================================================
DAG File Processing Stats

File Path                                        PID    Runtime      # DAGs    # Errors  Last Runtime    Last Run
-----------------------------------------------  -----  ---------  --------  ----------  --------------  -------------------
/opt/airflow/dags/dag_ecargo_pod_xlsx_to_api.py                           1           0  1.11s           2025-10-10T16:23:17
================================================================================
[2025-10-10T16:24:03.436+0000] {manager.py:878} INFO - 
================================================================================
DAG File Processing Stats

File Path                                        PID    Runtime      # DAGs    # Errors  Last Runtime    Last Run
-----------------------------------------------  -----  ---------  --------  ----------  --------------  -------------------
/opt/airflow/dags/dag_ecargo_pod_xlsx_to_api.py                           1           0  1.20s           2025-10-10T16:23:49
================================================================================
[2025-10-10T16:24:32.561+0000] {manager.py:878} INFO - 
================================================================================
DAG File Processing Stats

File Path                                        PID    Runtime      # DAGs    # Errors  Last Runtime    Last Run
-----------------------------------------------  -----  ---------  --------  ----------  --------------  -------------------
/opt/airflow/dags/dag_ecargo_pod_xlsx_to_api.py                           1           0  1.76s           2025-10-10T16:24:21
================================================================================
[2025-10-10T16:25:01.734+0000] {manager.py:878} INFO - 
================================================================================
DAG File Processing Stats

File Path                                        PID    Runtime      # DAGs    # Errors  Last Runtime    Last Run
-----------------------------------------------  -----  ---------  --------  ----------  --------------  -------------------
/opt/airflow/dags/dag_ecargo_pod_xlsx_to_api.py                           1           0  1.82s           2025-10-10T16:24:53
================================================================================
[2025-10-10T16:25:31.104+0000] {manager.py:878} INFO - 
================================================================================
DAG File Processing Stats

File Path                                        PID    Runtime      # DAGs    # Errors  Last Runtime    Last Run
-----------------------------------------------  -----  ---------  --------  ----------  --------------  -------------------
/opt/airflow/dags/dag_ecargo_pod_xlsx_to_api.py                           1           0  1.60s           2025-10-10T16:25:25
================================================================================
[2025-10-10T16:25:35.616+0000] {manager.py:452} INFO - Exiting gracefully upon receiving signal 15
[2025-10-10T16:25:53.825+0000] {manager.py:470} INFO - Processing files using up to 2 processes at a time 
[2025-10-10T16:25:53.828+0000] {manager.py:471} INFO - Process each file at most once every 30 seconds
[2025-10-10T16:25:53.832+0000] {manager.py:472} INFO - Checking for new files in /opt/airflow/dags every 300 seconds
[2025-10-10T16:25:53.834+0000] {manager.py:737} INFO - Searching for files in /opt/airflow/dags
[2025-10-10T16:25:53.922+0000] {manager.py:740} INFO - There are 1 files in /opt/airflow/dags
[2025-10-10T16:25:54.221+0000] {manager.py:878} INFO - 
================================================================================
DAG File Processing Stats

File Path                                          PID  Runtime      # DAGs    # Errors  Last Runtime    Last Run
-----------------------------------------------  -----  ---------  --------  ----------  --------------  ----------
/opt/airflow/dags/dag_ecargo_pod_xlsx_to_api.py     49  0.06s             0           0
================================================================================
[2025-10-10T16:26:23.270+0000] {manager.py:878} INFO - 
================================================================================
DAG File Processing Stats

File Path                                        PID    Runtime      # DAGs    # Errors  Last Runtime    Last Run
-----------------------------------------------  -----  ---------  --------  ----------  --------------  -------------------
/opt/airflow/dags/dag_ecargo_pod_xlsx_to_api.py                           1           0  1.80s           2025-10-10T16:25:55
================================================================================
[2025-10-10T16:26:52.756+0000] {manager.py:878} INFO - 
================================================================================
DAG File Processing Stats

File Path                                        PID    Runtime      # DAGs    # Errors  Last Runtime    Last Run
-----------------------------------------------  -----  ---------  --------  ----------  --------------  -------------------
/opt/airflow/dags/dag_ecargo_pod_xlsx_to_api.py                           1           0  1.09s           2025-10-10T16:26:27
================================================================================
[2025-10-10T16:27:22.238+0000] {manager.py:878} INFO - 
================================================================================
DAG File Processing Stats

File Path                                        PID    Runtime      # DAGs    # Errors  Last Runtime    Last Run
-----------------------------------------------  -----  ---------  --------  ----------  --------------  -------------------
/opt/airflow/dags/dag_ecargo_pod_xlsx_to_api.py                           1           0  1.08s           2025-10-10T16:26:58
================================================================================
[2025-10-10T16:27:51.566+0000] {manager.py:878} INFO - 
================================================================================
DAG File Processing Stats

File Path                                        PID    Runtime      # DAGs    # Errors  Last Runtime    Last Run
-----------------------------------------------  -----  ---------  --------  ----------  --------------  -------------------
/opt/airflow/dags/dag_ecargo_pod_xlsx_to_api.py                           1           0  1.54s           2025-10-10T16:27:30
================================================================================
[2025-10-10T16:28:20.591+0000] {manager.py:878} INFO - 
================================================================================
DAG File Processing Stats

File Path                                        PID    Runtime      # DAGs    # Errors  Last Runtime    Last Run
-----------------------------------------------  -----  ---------  --------  ----------  --------------  -------------------
/opt/airflow/dags/dag_ecargo_pod_xlsx_to_api.py                           1           0  1.24s           2025-10-10T16:28:02
================================================================================
[2025-10-10T16:28:49.932+0000] {manager.py:878} INFO - 
================================================================================
DAG File Processing Stats

File Path                                        PID    Runtime      # DAGs    # Errors  Last Runtime    Last Run
-----------------------------------------------  -----  ---------  --------  ----------  --------------  -------------------
/opt/airflow/dags/dag_ecargo_pod_xlsx_to_api.py                           1           0  1.14s           2025-10-10T16:28:33
================================================================================
[2025-10-10T16:29:19.343+0000] {manager.py:878} INFO - 
================================================================================
DAG File Processing Stats

File Path                                        PID    Runtime      # DAGs    # Errors  Last Runtime    Last Run
-----------------------------------------------  -----  ---------  --------  ----------  --------------  -------------------
/opt/airflow/dags/dag_ecargo_pod_xlsx_to_api.py                           1           0  1.11s           2025-10-10T16:29:05
================================================================================
[2025-10-10T16:29:38.186+0000] {manager.py:1128} WARNING - Skipping processing of missing file: /opt/airflow/dags/dag_ecargo_pod_xlsx_to_api.py
[2025-10-10T16:29:48.486+0000] {manager.py:452} INFO - Exiting gracefully upon receiving signal 15
[2025-10-10T16:30:05.988+0000] {manager.py:470} INFO - Processing files using up to 2 processes at a time 
[2025-10-10T16:30:05.991+0000] {manager.py:471} INFO - Process each file at most once every 30 seconds
[2025-10-10T16:30:05.993+0000] {manager.py:472} INFO - Checking for new files in /opt/airflow/dags every 300 seconds
[2025-10-10T16:30:05.995+0000] {manager.py:737} INFO - Searching for files in /opt/airflow/dags
[2025-10-10T16:30:06.037+0000] {manager.py:740} INFO - There are 1 files in /opt/airflow/dags
[2025-10-10T16:30:06.239+0000] {manager.py:878} INFO - 
================================================================================
DAG File Processing Stats

File Path                                       PID  Runtime      # DAGs    # Errors  Last Runtime    Last Run
--------------------------------------------  -----  ---------  --------  ----------  --------------  ----------
/opt/airflow/dags/dag_ecargo_pod_download.py     49  0.04s             0           0
================================================================================
[2025-10-10T16:30:35.634+0000] {manager.py:878} INFO - 
================================================================================
DAG File Processing Stats

File Path                                     PID    Runtime      # DAGs    # Errors  Last Runtime    Last Run
--------------------------------------------  -----  ---------  --------  ----------  --------------  -------------------
/opt/airflow/dags/dag_ecargo_pod_download.py                           1           0  1.37s           2025-10-10T16:30:07
================================================================================
[2025-10-10T16:31:05.229+0000] {manager.py:878} INFO - 
================================================================================
DAG File Processing Stats

File Path                                     PID    Runtime      # DAGs    # Errors  Last Runtime    Last Run
--------------------------------------------  -----  ---------  --------  ----------  --------------  -------------------
/opt/airflow/dags/dag_ecargo_pod_download.py                           1           0  1.21s           2025-10-10T16:30:38
================================================================================
[2025-10-10T16:31:34.641+0000] {manager.py:878} INFO - 
================================================================================
DAG File Processing Stats

File Path                                     PID    Runtime      # DAGs    # Errors  Last Runtime    Last Run
--------------------------------------------  -----  ---------  --------  ----------  --------------  -------------------
/opt/airflow/dags/dag_ecargo_pod_download.py                           1           0  1.18s           2025-10-10T16:31:10
================================================================================
[2025-10-10T16:31:44.739+0000] {manager.py:452} INFO - Exiting gracefully upon receiving signal 15
[2025-10-10T16:32:01.575+0000] {manager.py:470} INFO - Processing files using up to 2 processes at a time 
[2025-10-10T16:32:01.577+0000] {manager.py:471} INFO - Process each file at most once every 30 seconds
[2025-10-10T16:32:01.580+0000] {manager.py:472} INFO - Checking for new files in /opt/airflow/dags every 300 seconds
[2025-10-10T16:32:01.581+0000] {manager.py:737} INFO - Searching for files in /opt/airflow/dags
[2025-10-10T16:32:01.657+0000] {manager.py:740} INFO - There are 2 files in /opt/airflow/dags
[2025-10-10T16:32:01.994+0000] {manager.py:878} INFO - 
================================================================================
DAG File Processing Stats

File Path                                          PID  Runtime      # DAGs    # Errors  Last Runtime    Last Run
-----------------------------------------------  -----  ---------  --------  ----------  --------------  ----------
/opt/airflow/dags/dag_ecargo_pod_download.py        52  0.06s             0           0
/opt/airflow/dags/dag_ecargo_pod_xlsx_to_api.py     49  0.11s             0           0
================================================================================
[2025-10-10T16:32:31.830+0000] {manager.py:878} INFO - 
================================================================================
DAG File Processing Stats

File Path                                        PID    Runtime      # DAGs    # Errors  Last Runtime    Last Run
-----------------------------------------------  -----  ---------  --------  ----------  --------------  -------------------
/opt/airflow/dags/dag_ecargo_pod_xlsx_to_api.py                           1           0  1.78s           2025-10-10T16:32:03
/opt/airflow/dags/dag_ecargo_pod_download.py                              1           0  1.50s           2025-10-10T16:32:03
================================================================================
[2025-10-10T16:32:54.431+0000] {manager.py:1128} WARNING - Skipping processing of missing file: /opt/airflow/dags/dag_ecargo_pod_xlsx_to_api.py
[2025-10-10T16:33:01.519+0000] {manager.py:878} INFO - 
================================================================================
DAG File Processing Stats

File Path                                     PID    Runtime      # DAGs    # Errors  Last Runtime    Last Run
--------------------------------------------  -----  ---------  --------  ----------  --------------  -------------------
/opt/airflow/dags/dag_ecargo_pod_download.py                           1           0  1.41s           2025-10-10T16:32:35
================================================================================
[2025-10-10T16:33:04.707+0000] {manager.py:452} INFO - Exiting gracefully upon receiving signal 15
[2025-10-10T16:33:21.278+0000] {manager.py:470} INFO - Processing files using up to 2 processes at a time 
[2025-10-10T16:33:21.282+0000] {manager.py:471} INFO - Process each file at most once every 30 seconds
[2025-10-10T16:33:21.283+0000] {manager.py:472} INFO - Checking for new files in /opt/airflow/dags every 300 seconds
[2025-10-10T16:33:21.285+0000] {manager.py:737} INFO - Searching for files in /opt/airflow/dags
[2025-10-10T16:33:21.339+0000] {manager.py:740} INFO - There are 1 files in /opt/airflow/dags
[2025-10-10T16:33:21.591+0000] {manager.py:878} INFO - 
================================================================================
DAG File Processing Stats

File Path                                       PID  Runtime      # DAGs    # Errors  Last Runtime    Last Run
--------------------------------------------  -----  ---------  --------  ----------  --------------  ----------
/opt/airflow/dags/dag_ecargo_pod_download.py     49  0.06s             0           0
================================================================================
[2025-10-10T16:33:51.009+0000] {manager.py:878} INFO - 
================================================================================
DAG File Processing Stats

File Path                                     PID    Runtime      # DAGs    # Errors  Last Runtime    Last Run
--------------------------------------------  -----  ---------  --------  ----------  --------------  -------------------
/opt/airflow/dags/dag_ecargo_pod_download.py                           1           0  1.24s           2025-10-10T16:33:22
================================================================================
[2025-10-10T16:34:20.458+0000] {manager.py:878} INFO - 
================================================================================
DAG File Processing Stats

File Path                                     PID    Runtime      # DAGs    # Errors  Last Runtime    Last Run
--------------------------------------------  -----  ---------  --------  ----------  --------------  -------------------
/opt/airflow/dags/dag_ecargo_pod_download.py                           1           0  1.10s           2025-10-10T16:33:54
================================================================================
[2025-10-10T16:34:49.950+0000] {manager.py:878} INFO - 
================================================================================
DAG File Processing Stats

File Path                                     PID    Runtime      # DAGs    # Errors  Last Runtime    Last Run
--------------------------------------------  -----  ---------  --------  ----------  --------------  -------------------
/opt/airflow/dags/dag_ecargo_pod_download.py                           1           0  1.36s           2025-10-10T16:34:25
================================================================================
[2025-10-10T16:35:19.345+0000] {manager.py:878} INFO - 
================================================================================
DAG File Processing Stats

File Path                                     PID    Runtime      # DAGs    # Errors  Last Runtime    Last Run
--------------------------------------------  -----  ---------  --------  ----------  --------------  -------------------
/opt/airflow/dags/dag_ecargo_pod_download.py                           1           0  1.15s           2025-10-10T16:34:57
================================================================================
[2025-10-10T16:35:48.743+0000] {manager.py:878} INFO - 
================================================================================
DAG File Processing Stats

File Path                                     PID    Runtime      # DAGs    # Errors  Last Runtime    Last Run
--------------------------------------------  -----  ---------  --------  ----------  --------------  -------------------
/opt/airflow/dags/dag_ecargo_pod_download.py                           1           0  1.07s           2025-10-10T16:35:28
================================================================================
[2025-10-10T16:36:18.032+0000] {manager.py:878} INFO - 
================================================================================
DAG File Processing Stats

File Path                                     PID    Runtime      # DAGs    # Errors  Last Runtime    Last Run
--------------------------------------------  -----  ---------  --------  ----------  --------------  -------------------
/opt/airflow/dags/dag_ecargo_pod_download.py                           1           0  1.16s           2025-10-10T16:36:00
================================================================================
[2025-10-10T16:36:47.621+0000] {manager.py:878} INFO - 
================================================================================
DAG File Processing Stats

File Path                                     PID    Runtime      # DAGs    # Errors  Last Runtime    Last Run
--------------------------------------------  -----  ---------  --------  ----------  --------------  -------------------
/opt/airflow/dags/dag_ecargo_pod_download.py                           1           0  1.22s           2025-10-10T16:36:31
================================================================================
[2025-10-10T16:37:17.067+0000] {manager.py:878} INFO - 
================================================================================
DAG File Processing Stats

File Path                                     PID    Runtime      # DAGs    # Errors  Last Runtime    Last Run
--------------------------------------------  -----  ---------  --------  ----------  --------------  -------------------
/opt/airflow/dags/dag_ecargo_pod_download.py                           1           0  2.11s           2025-10-10T16:37:03
================================================================================
[2025-10-10T16:37:46.612+0000] {manager.py:878} INFO - 
================================================================================
DAG File Processing Stats

File Path                                     PID    Runtime      # DAGs    # Errors  Last Runtime    Last Run
--------------------------------------------  -----  ---------  --------  ----------  --------------  -------------------
/opt/airflow/dags/dag_ecargo_pod_download.py                           1           0  1.23s           2025-10-10T16:37:35
================================================================================
[2025-10-10T16:38:15.584+0000] {manager.py:878} INFO - 
================================================================================
DAG File Processing Stats

File Path                                     PID    Runtime      # DAGs    # Errors  Last Runtime    Last Run
--------------------------------------------  -----  ---------  --------  ----------  --------------  -------------------
/opt/airflow/dags/dag_ecargo_pod_download.py                           1           0  1.70s           2025-10-10T16:38:07
================================================================================
[2025-10-10T16:38:21.665+0000] {manager.py:737} INFO - Searching for files in /opt/airflow/dags
[2025-10-10T16:38:21.714+0000] {manager.py:740} INFO - There are 1 files in /opt/airflow/dags
[2025-10-10T16:38:45.060+0000] {manager.py:878} INFO - 
================================================================================
DAG File Processing Stats

File Path                                     PID    Runtime      # DAGs    # Errors  Last Runtime    Last Run
--------------------------------------------  -----  ---------  --------  ----------  --------------  -------------------
/opt/airflow/dags/dag_ecargo_pod_download.py                           1           0  1.28s           2025-10-10T16:38:39
================================================================================
[2025-10-10T16:39:14.573+0000] {manager.py:878} INFO - 
================================================================================
DAG File Processing Stats

File Path                                     PID    Runtime      # DAGs    # Errors  Last Runtime    Last Run
--------------------------------------------  -----  ---------  --------  ----------  --------------  -------------------
/opt/airflow/dags/dag_ecargo_pod_download.py                           1           0  1.25s           2025-10-10T16:39:10
================================================================================
[2025-10-10T16:39:44.015+0000] {manager.py:878} INFO - 
================================================================================
DAG File Processing Stats

File Path                                     PID    Runtime      # DAGs    # Errors  Last Runtime    Last Run
--------------------------------------------  -----  ---------  --------  ----------  --------------  -------------------
/opt/airflow/dags/dag_ecargo_pod_download.py                           1           0  1.16s           2025-10-10T16:39:42
================================================================================
[2025-10-10T16:40:13.386+0000] {manager.py:878} INFO - 
================================================================================
DAG File Processing Stats

File Path                                       PID  Runtime      # DAGs    # Errors  Last Runtime    Last Run
--------------------------------------------  -----  ---------  --------  ----------  --------------  -------------------
/opt/airflow/dags/dag_ecargo_pod_download.py    133  1.03s             1           0  1.16s           2025-10-10T16:39:42
================================================================================
[2025-10-10T16:40:42.711+0000] {manager.py:878} INFO - 
================================================================================
DAG File Processing Stats

File Path                                     PID    Runtime      # DAGs    # Errors  Last Runtime    Last Run
--------------------------------------------  -----  ---------  --------  ----------  --------------  -------------------
/opt/airflow/dags/dag_ecargo_pod_download.py                           1           0  1.59s           2025-10-10T16:40:13
================================================================================
[2025-10-10T16:41:11.712+0000] {manager.py:878} INFO - 
================================================================================
DAG File Processing Stats

File Path                                     PID    Runtime      # DAGs    # Errors  Last Runtime    Last Run
--------------------------------------------  -----  ---------  --------  ----------  --------------  -------------------
/opt/airflow/dags/dag_ecargo_pod_download.py                           1           0  1.13s           2025-10-10T16:40:45
================================================================================
[2025-10-10T16:41:41.179+0000] {manager.py:878} INFO - 
================================================================================
DAG File Processing Stats

File Path                                     PID    Runtime      # DAGs    # Errors  Last Runtime    Last Run
--------------------------------------------  -----  ---------  --------  ----------  --------------  -------------------
/opt/airflow/dags/dag_ecargo_pod_download.py                           1           0  1.23s           2025-10-10T16:41:16
================================================================================
[2025-10-10T16:42:10.713+0000] {manager.py:878} INFO - 
================================================================================
DAG File Processing Stats

File Path                                     PID    Runtime      # DAGs    # Errors  Last Runtime    Last Run
--------------------------------------------  -----  ---------  --------  ----------  --------------  -------------------
/opt/airflow/dags/dag_ecargo_pod_download.py                           1           0  1.12s           2025-10-10T16:41:48
================================================================================
[2025-10-10T16:42:40.188+0000] {manager.py:878} INFO - 
================================================================================
DAG File Processing Stats

File Path                                     PID    Runtime      # DAGs    # Errors  Last Runtime    Last Run
--------------------------------------------  -----  ---------  --------  ----------  --------------  -------------------
/opt/airflow/dags/dag_ecargo_pod_download.py                           1           0  0.67s           2025-10-10T16:42:19
================================================================================
[2025-10-10T16:43:09.578+0000] {manager.py:878} INFO - 
================================================================================
DAG File Processing Stats

File Path                                     PID    Runtime      # DAGs    # Errors  Last Runtime    Last Run
--------------------------------------------  -----  ---------  --------  ----------  --------------  -------------------
/opt/airflow/dags/dag_ecargo_pod_download.py                           1           0  1.17s           2025-10-10T16:42:51
================================================================================
[2025-10-10T16:43:21.683+0000] {manager.py:737} INFO - Searching for files in /opt/airflow/dags
[2025-10-10T16:43:21.738+0000] {manager.py:740} INFO - There are 1 files in /opt/airflow/dags
[2025-10-10T16:43:38.588+0000] {manager.py:878} INFO - 
================================================================================
DAG File Processing Stats

File Path                                     PID    Runtime      # DAGs    # Errors  Last Runtime    Last Run
--------------------------------------------  -----  ---------  --------  ----------  --------------  -------------------
/opt/airflow/dags/dag_ecargo_pod_download.py                           1           0  1.56s           2025-10-10T16:43:23
================================================================================
[2025-10-10T16:44:07.976+0000] {manager.py:878} INFO - 
================================================================================
DAG File Processing Stats

File Path                                     PID    Runtime      # DAGs    # Errors  Last Runtime    Last Run
--------------------------------------------  -----  ---------  --------  ----------  --------------  -------------------
/opt/airflow/dags/dag_ecargo_pod_download.py                           1           0  1.32s           2025-10-10T16:43:55
================================================================================
[2025-10-10T16:44:37.487+0000] {manager.py:878} INFO - 
================================================================================
DAG File Processing Stats

File Path                                     PID    Runtime      # DAGs    # Errors  Last Runtime    Last Run
--------------------------------------------  -----  ---------  --------  ----------  --------------  -------------------
/opt/airflow/dags/dag_ecargo_pod_download.py                           1           0  1.44s           2025-10-10T16:44:26
================================================================================
[2025-10-10T16:45:32.828+0000] {manager.py:878} INFO - 
================================================================================
DAG File Processing Stats

File Path                                     PID    Runtime      # DAGs    # Errors  Last Runtime    Last Run
--------------------------------------------  -----  ---------  --------  ----------  --------------  -------------------
/opt/airflow/dags/dag_ecargo_pod_download.py                           1           0  1.29s           2025-10-10T16:45:29
================================================================================
[2025-10-10T16:46:02.811+0000] {manager.py:878} INFO - 
================================================================================
DAG File Processing Stats

File Path                                     PID    Runtime      # DAGs    # Errors  Last Runtime    Last Run
--------------------------------------------  -----  ---------  --------  ----------  --------------  -------------------
/opt/airflow/dags/dag_ecargo_pod_download.py                           1           0  1.30s           2025-10-10T16:46:02
================================================================================
[2025-10-10T16:46:31.971+0000] {manager.py:878} INFO - 
================================================================================
DAG File Processing Stats

File Path                                     PID    Runtime      # DAGs    # Errors  Last Runtime    Last Run
--------------------------------------------  -----  ---------  --------  ----------  --------------  -------------------
/opt/airflow/dags/dag_ecargo_pod_download.py                           1           0  1.30s           2025-10-10T16:46:02
================================================================================
[2025-10-10T16:47:01.419+0000] {manager.py:878} INFO - 
================================================================================
DAG File Processing Stats

File Path                                     PID    Runtime      # DAGs    # Errors  Last Runtime    Last Run
--------------------------------------------  -----  ---------  --------  ----------  --------------  -------------------
/opt/airflow/dags/dag_ecargo_pod_download.py                           1           0  1.22s           2025-10-10T16:46:33
================================================================================
[2025-10-10T16:47:30.523+0000] {manager.py:878} INFO - 
================================================================================
DAG File Processing Stats

File Path                                     PID    Runtime      # DAGs    # Errors  Last Runtime    Last Run
--------------------------------------------  -----  ---------  --------  ----------  --------------  -------------------
/opt/airflow/dags/dag_ecargo_pod_download.py                           1           0  1.71s           2025-10-10T16:47:05
================================================================================
[2025-10-10T16:47:59.697+0000] {manager.py:878} INFO - 
================================================================================
DAG File Processing Stats

File Path                                     PID    Runtime      # DAGs    # Errors  Last Runtime    Last Run
--------------------------------------------  -----  ---------  --------  ----------  --------------  -------------------
/opt/airflow/dags/dag_ecargo_pod_download.py                           1           0  0.84s           2025-10-10T16:47:36
================================================================================
[2025-10-10T16:48:22.045+0000] {manager.py:737} INFO - Searching for files in /opt/airflow/dags
[2025-10-10T16:48:22.099+0000] {manager.py:740} INFO - There are 1 files in /opt/airflow/dags
[2025-10-10T16:48:29.229+0000] {manager.py:878} INFO - 
================================================================================
DAG File Processing Stats

File Path                                     PID    Runtime      # DAGs    # Errors  Last Runtime    Last Run
--------------------------------------------  -----  ---------  --------  ----------  --------------  -------------------
/opt/airflow/dags/dag_ecargo_pod_download.py                           1           0  1.20s           2025-10-10T16:48:07
================================================================================
[2025-10-10T16:48:58.214+0000] {manager.py:878} INFO - 
================================================================================
DAG File Processing Stats

File Path                                     PID    Runtime      # DAGs    # Errors  Last Runtime    Last Run
--------------------------------------------  -----  ---------  --------  ----------  --------------  -------------------
/opt/airflow/dags/dag_ecargo_pod_download.py                           1           0  1.60s           2025-10-10T16:48:39
================================================================================
[2025-10-10T16:49:27.510+0000] {manager.py:878} INFO - 
================================================================================
DAG File Processing Stats

File Path                                     PID    Runtime      # DAGs    # Errors  Last Runtime    Last Run
--------------------------------------------  -----  ---------  --------  ----------  --------------  -------------------
/opt/airflow/dags/dag_ecargo_pod_download.py                           1           0  1.26s           2025-10-10T16:49:11
================================================================================
[2025-10-10T16:49:56.947+0000] {manager.py:878} INFO - 
================================================================================
DAG File Processing Stats

File Path                                     PID    Runtime      # DAGs    # Errors  Last Runtime    Last Run
--------------------------------------------  -----  ---------  --------  ----------  --------------  -------------------
/opt/airflow/dags/dag_ecargo_pod_download.py                           1           0  1.18s           2025-10-10T16:49:42
================================================================================
[2025-10-10T16:50:26.229+0000] {manager.py:878} INFO - 
================================================================================
DAG File Processing Stats

File Path                                     PID    Runtime      # DAGs    # Errors  Last Runtime    Last Run
--------------------------------------------  -----  ---------  --------  ----------  --------------  -------------------
/opt/airflow/dags/dag_ecargo_pod_download.py                           1           0  1.25s           2025-10-10T16:50:14
================================================================================
[2025-10-10T16:50:55.213+0000] {manager.py:878} INFO - 
================================================================================
DAG File Processing Stats

File Path                                     PID    Runtime      # DAGs    # Errors  Last Runtime    Last Run
--------------------------------------------  -----  ---------  --------  ----------  --------------  -------------------
/opt/airflow/dags/dag_ecargo_pod_download.py                           1           0  1.70s           2025-10-10T16:50:46
================================================================================
[2025-10-10T16:51:24.802+0000] {manager.py:878} INFO - 
================================================================================
DAG File Processing Stats

File Path                                     PID    Runtime      # DAGs    # Errors  Last Runtime    Last Run
--------------------------------------------  -----  ---------  --------  ----------  --------------  -------------------
/opt/airflow/dags/dag_ecargo_pod_download.py                           1           0  1.53s           2025-10-10T16:51:18
================================================================================
[2025-10-10T16:51:54.156+0000] {manager.py:878} INFO - 
================================================================================
DAG File Processing Stats

File Path                                     PID    Runtime      # DAGs    # Errors  Last Runtime    Last Run
--------------------------------------------  -----  ---------  --------  ----------  --------------  -------------------
/opt/airflow/dags/dag_ecargo_pod_download.py                           1           0  1.15s           2025-10-10T16:51:49
================================================================================
[2025-10-10T16:52:23.596+0000] {manager.py:878} INFO - 
================================================================================
DAG File Processing Stats

File Path                                     PID    Runtime      # DAGs    # Errors  Last Runtime    Last Run
--------------------------------------------  -----  ---------  --------  ----------  --------------  -------------------
/opt/airflow/dags/dag_ecargo_pod_download.py                           1           0  1.42s           2025-10-10T16:52:20
================================================================================
[2025-10-10T16:52:52.583+0000] {manager.py:878} INFO - 
================================================================================
DAG File Processing Stats

File Path                                     PID    Runtime      # DAGs    # Errors  Last Runtime    Last Run
--------------------------------------------  -----  ---------  --------  ----------  --------------  -------------------
/opt/airflow/dags/dag_ecargo_pod_download.py                           1           0  1.40s           2025-10-10T16:52:52
================================================================================
[2025-10-10T16:53:21.745+0000] {manager.py:878} INFO - 
================================================================================
DAG File Processing Stats

File Path                                     PID    Runtime      # DAGs    # Errors  Last Runtime    Last Run
--------------------------------------------  -----  ---------  --------  ----------  --------------  -------------------
/opt/airflow/dags/dag_ecargo_pod_download.py                           1           0  1.40s           2025-10-10T16:52:52
================================================================================
[2025-10-10T16:53:22.253+0000] {manager.py:737} INFO - Searching for files in /opt/airflow/dags
[2025-10-10T16:53:22.342+0000] {manager.py:740} INFO - There are 1 files in /opt/airflow/dags
[2025-10-10T16:53:51.138+0000] {manager.py:878} INFO - 
================================================================================
DAG File Processing Stats

File Path                                     PID    Runtime      # DAGs    # Errors  Last Runtime    Last Run
--------------------------------------------  -----  ---------  --------  ----------  --------------  -------------------
/opt/airflow/dags/dag_ecargo_pod_download.py                           1           0  1.41s           2025-10-10T16:53:24
================================================================================
[2025-10-10T16:54:19.478+0000] {manager.py:878} INFO - 
================================================================================
DAG File Processing Stats

File Path                                     PID    Runtime      # DAGs    # Errors  Last Runtime    Last Run
--------------------------------------------  -----  ---------  --------  ----------  --------------  -------------------
/opt/airflow/dags/dag_ecargo_pod_download.py                           1           0  1.83s           2025-10-10T16:53:56
================================================================================
[2025-10-10T16:54:48.533+0000] {manager.py:878} INFO - 
================================================================================
DAG File Processing Stats

File Path                                     PID    Runtime      # DAGs    # Errors  Last Runtime    Last Run
--------------------------------------------  -----  ---------  --------  ----------  --------------  -------------------
/opt/airflow/dags/dag_ecargo_pod_download.py                           1           0  1.73s           2025-10-10T16:54:28
================================================================================
[2025-10-10T16:55:18.084+0000] {manager.py:878} INFO - 
================================================================================
DAG File Processing Stats

File Path                                     PID    Runtime      # DAGs    # Errors  Last Runtime    Last Run
--------------------------------------------  -----  ---------  --------  ----------  --------------  -------------------
/opt/airflow/dags/dag_ecargo_pod_download.py                           1           0  1.45s           2025-10-10T16:55:00
================================================================================
[2025-10-10T16:55:47.611+0000] {manager.py:878} INFO - 
================================================================================
DAG File Processing Stats

File Path                                     PID    Runtime      # DAGs    # Errors  Last Runtime    Last Run
--------------------------------------------  -----  ---------  --------  ----------  --------------  -------------------
/opt/airflow/dags/dag_ecargo_pod_download.py                           1           0  1.31s           2025-10-10T16:55:31
================================================================================
[2025-10-10T16:56:16.168+0000] {manager.py:878} INFO - 
================================================================================
DAG File Processing Stats

File Path                                     PID    Runtime      # DAGs    # Errors  Last Runtime    Last Run
--------------------------------------------  -----  ---------  --------  ----------  --------------  -------------------
/opt/airflow/dags/dag_ecargo_pod_download.py                           1           0  1.17s           2025-10-10T16:56:03
================================================================================
[2025-10-10T16:56:45.659+0000] {manager.py:878} INFO - 
================================================================================
DAG File Processing Stats

File Path                                     PID    Runtime      # DAGs    # Errors  Last Runtime    Last Run
--------------------------------------------  -----  ---------  --------  ----------  --------------  -------------------
/opt/airflow/dags/dag_ecargo_pod_download.py                           1           0  1.43s           2025-10-10T16:56:35
================================================================================
[2025-10-10T16:57:15.253+0000] {manager.py:878} INFO - 
================================================================================
DAG File Processing Stats

File Path                                     PID    Runtime      # DAGs    # Errors  Last Runtime    Last Run
--------------------------------------------  -----  ---------  --------  ----------  --------------  -------------------
/opt/airflow/dags/dag_ecargo_pod_download.py                           1           0  1.28s           2025-10-10T16:57:07
================================================================================
[2025-10-10T16:57:41.896+0000] {manager.py:452} INFO - Exiting gracefully upon receiving signal 15
